
2020-03-15 15:39:49 INFO     Thread #0 ready to receive info
2020-03-15 15:39:49 INFO     Found hash
2020-03-15 15:39:49 INFO     Envio exitoso
2020-03-15 15:39:49 INFO     Tiempo del envio 0.010002613067626953
2020-03-15 15:39:49 INFO     ---------------------------------------------
2020-03-15 15:39:49 INFO     Thread #1 ready to receive info
2020-03-15 15:39:49 INFO     Found hash
2020-03-15 15:39:49 INFO     Envio corrupto 
2020-03-15 15:39:49 INFO     Tiempo del envio 0.009019851684570312
2020-03-15 15:39:49 INFO     ---------------------------------------------
2020-03-15 15:39:49 INFO     Thread #2 ready to receive info
2020-03-15 15:39:49 INFO     Found hash
2020-03-15 15:39:49 INFO     Envio corrupto 
2020-03-15 15:39:49 INFO     Tiempo del envio 0.009018182754516602
2020-03-15 15:39:49 INFO     ---------------------------------------------
2020-03-15 15:41:57 INFO     Thread #0 ready to receive info
2020-03-15 15:41:57 INFO     Found hash
2020-03-15 15:41:57 INFO     Envio exitoso
2020-03-15 15:41:57 INFO     Tiempo del envio 0.008018016815185547
2020-03-15 15:41:57 INFO     ---------------------------------------------
2020-03-15 15:41:57 INFO     Thread #1 ready to receive info
2020-03-15 15:41:57 INFO     Found hash
2020-03-15 15:41:57 INFO     Envio exitoso
2020-03-15 15:41:57 INFO     Tiempo del envio 0.009999752044677734
2020-03-15 15:41:57 INFO     ---------------------------------------------
2020-03-15 15:41:57 INFO     Thread #2 ready to receive info
2020-03-15 15:41:57 INFO     Found hash
2020-03-15 15:41:57 INFO     Envio exitoso
2020-03-15 15:41:57 INFO     Tiempo del envio 0.009998798370361328
2020-03-15 15:41:57 INFO     ---------------------------------------------
2020-03-15 15:42:44 INFO     Thread #0 ready to receive info
2020-03-15 15:43:01 INFO     Thread #0 ready to receive info
2020-03-15 15:43:01 INFO     Found hash
2020-03-15 15:43:01 INFO     Envio exitoso
2020-03-15 15:43:01 INFO     Tiempo del envio 0.0110015869140625
2020-03-15 15:43:01 INFO     ---------------------------------------------
2020-03-15 15:43:01 INFO     Thread #1 ready to receive info
2020-03-15 15:43:01 INFO     Found hash
2020-03-15 15:43:01 INFO     Envio exitoso
2020-03-15 15:43:01 INFO     Tiempo del envio 0.00800013542175293
2020-03-15 15:43:01 INFO     ---------------------------------------------
2020-03-15 15:43:01 INFO     Thread #2 ready to receive info
2020-03-15 15:43:01 INFO     Found hash
2020-03-15 15:43:01 INFO     Envio exitoso
2020-03-15 15:43:01 INFO     Tiempo del envio 0.01000070571899414
2020-03-15 15:43:01 INFO     ---------------------------------------------
2020-03-15 15:43:01 INFO     Thread #3 ready to receive info
2020-03-15 15:43:01 INFO     Found hash
2020-03-15 15:43:01 INFO     Envio exitoso
2020-03-15 15:43:01 INFO     Tiempo del envio 0.010000467300415039
2020-03-15 15:43:01 INFO     ---------------------------------------------
