INFO:root:Connected to localhost
INFO:root:Connected to localhost
INFO:root:Connected to localhost
INFO:root:Connected to localhost
2020-03-15 03:22:50 INFO     Connected to localhost on port 6666
2020-03-15 04:16:44 INFO     Connected to localhost on port 6666
2020-03-15 04:19:13 INFO     Connected to localhost on port 6666
2020-03-15 04:24:54 INFO     Connected to localhost on port 6666
2020-03-15 04:28:52 INFO     Connected to localhost on port 6666
2020-03-15 04:28:53 INFO     Connected to localhost on port 6666
2020-03-15 04:31:32 INFO     Connected to localhost on port 6666
2020-03-15 04:36:17 INFO     Connected to localhost on port 6666
2020-03-15 04:37:21 INFO     Connected to localhost on port 6666
2020-03-15 04:39:55 INFO     Connected to localhost on port 6666
2020-03-15 04:42:17 INFO     Connected to localhost on port 6666
2020-03-15 04:47:13 INFO     Connected to localhost on port 6666
2020-03-15 04:48:26 INFO     Connected to localhost on port 6666
2020-03-15 04:48:27 INFO     Connected to localhost on port 6666
2020-03-15 04:50:41 INFO     Connected to localhost on port 6666
2020-03-15 04:51:29 INFO     Connected to localhost on port 6666
2020-03-15 04:56:56 INFO     Connected to localhost on port 6666
2020-03-15 04:56:57 INFO     Connected to localhost on port 6666
2020-03-15 04:58:15 INFO     Connected to localhost on port 6666
2020-03-15 04:58:47 INFO     Connected to localhost on port 6666
2020-03-15 04:58:48 INFO     Connected to localhost on port 6666
2020-03-15 05:27:06 INFO     Connected to localhost on port 6666
2020-03-15 05:27:07 INFO     Connected to localhost on port 6666
2020-03-15 05:27:52 INFO     Connected to localhost on port 6666
2020-03-15 08:24:47 INFO     Connected to localhost on port 6666
2020-03-15 08:26:20 INFO     Connected to localhost on port 6666
2020-03-15 08:26:21 INFO     Connected to localhost on port 6666
2020-03-15 08:27:18 INFO     Connected to localhost on port 6666
2020-03-15 08:28:47 INFO     Connected to localhost on port 6666
2020-03-15 08:28:48 INFO     Connected to localhost on port 6666
2020-03-15 08:29:24 INFO     Connected to localhost on port 6666
2020-03-15 08:29:25 INFO     Connected to localhost on port 6666
2020-03-15 08:36:53 INFO     Connected to localhost on port 6666
2020-03-15 08:42:23 INFO     Connected to localhost on port 6666
2020-03-15 08:45:22 INFO     Connected to localhost on port 6666
2020-03-15 08:46:33 INFO     Connected to localhost on port 6666
2020-03-15 08:48:04 INFO     Connected to localhost on port 6666
2020-03-15 08:48:45 INFO     Connected to localhost on port 6666
2020-03-15 08:49:57 INFO     Connected to localhost on port 6666
2020-03-15 08:49:57 INFO     Connected to localhost on port 6666
2020-03-15 08:51:20 INFO     Connected to localhost on port 6666
2020-03-15 08:53:45 INFO     Connected to localhost on port 6666
2020-03-15 08:54:39 INFO     Connected to localhost on port 6666
2020-03-15 08:56:46 INFO     Connected to localhost on port 6666
2020-03-15 09:02:35 INFO     Connected to localhost on port 6666
2020-03-15 09:02:35 INFO     Connected to localhost on port 6666
2020-03-15 09:04:11 INFO     Connected to localhost on port 6666
2020-03-15 09:04:11 INFO     Connected to localhost on port 6666
2020-03-15 09:07:39 INFO     Connected to localhost on port 6666
2020-03-15 09:08:07 INFO     Connected to localhost on port 6666
2020-03-15 09:09:27 INFO     Connected to localhost on port 6666
2020-03-15 09:10:03 INFO     Connected to localhost on port 6666
2020-03-15 09:10:04 INFO     Connected to localhost on port 6666
2020-03-15 09:10:35 INFO     Connected to localhost on port 6666
2020-03-15 09:11:03 INFO     Connected to localhost on port 6666
2020-03-15 09:12:11 INFO     Connected to localhost on port 6666
2020-03-15 09:15:43 INFO     Connected to localhost on port 6666
2020-03-15 09:16:37 INFO     Connected to localhost on port 6666
2020-03-15 09:43:39 INFO     Connected to localhost on port 6666
2020-03-15 09:45:43 INFO     Connected to localhost on port 6666
2020-03-15 09:46:34 INFO     Connected to localhost on port 6666
2020-03-15 09:50:38 INFO     Connected to localhost on port 6666
2020-03-15 09:53:14 INFO     Connected to localhost on port 6666
2020-03-15 09:54:00 INFO     Connected to localhost on port 6666
2020-03-15 09:59:01 INFO     Connected to localhost on port 6666
2020-03-15 10:03:56 INFO     Connected to localhost on port 6666
2020-03-15 10:04:40 INFO     Connected to localhost on port 6666
2020-03-15 10:05:16 INFO     Connected to localhost on port 6666
2020-03-15 10:07:27 INFO     Connected to localhost on port 6666
2020-03-15 10:08:09 INFO     Connected to localhost on port 6666
2020-03-15 10:09:05 INFO     Connected to localhost on port 6666
2020-03-15 10:09:27 INFO     Connected to localhost on port 6666
2020-03-15 10:09:28 INFO     Connected to localhost on port 6666
2020-03-15 10:11:03 INFO     Connected to localhost on port 6666
2020-03-15 10:12:23 INFO     Connected to localhost on port 6666
2020-03-15 10:15:12 INFO     Connected to localhost on port 6666
2020-03-15 10:24:01 INFO     Connected to localhost on port 6666
2020-03-15 10:24:43 INFO     Connected to localhost on port 6666
2020-03-15 13:58:37 INFO     Connected to localhost on port 6666
2020-03-15 14:11:19 INFO     Connected to localhost on port 6666
2020-03-15 14:23:07 INFO     Connected to localhost on port 6666
2020-03-15 14:26:24 INFO     Connected to localhost on port 6666
2020-03-15 14:26:25 INFO     Connected to localhost on port 6666
2020-03-15 14:27:32 INFO     Connected to localhost on port 6666
2020-03-15 14:48:37 INFO     Connected to localhost on port 6666
2020-03-15 14:50:09 INFO     Connected to localhost on port 6666
2020-03-15 14:50:10 INFO     Connected to localhost on port 6666
2020-03-15 14:54:47 INFO     Connected to localhost on port 6666
2020-03-15 14:57:28 INFO     Connected to localhost on port 6666
2020-03-15 14:59:10 INFO     Connected to localhost on port 6666
2020-03-15 15:08:26 INFO     Connected to localhost on port 6666
2020-03-15 15:08:39 INFO     Connected to localhost on port 6666
2020-03-15 15:10:24 INFO     Connected to localhost on port 6666
2020-03-15 15:16:19 INFO     Connected to localhost on port 6666
2020-03-15 15:16:23 INFO     Connected to localhost on port 6666
2020-03-15 15:16:27 INFO     Connected to localhost on port 6666
2020-03-15 15:39:28 INFO     Connected to localhost on port 6666
2020-03-15 15:41:42 INFO     Connected to localhost on port 6666
2020-03-15 15:41:43 INFO     Connected to localhost on port 6666
2020-03-15 15:42:48 INFO     Connected to localhost on port 6666
2020-03-15 16:53:42 INFO     Connected to localhost on port 6666
2020-03-15 16:57:52 INFO     Connected to localhost on port 6666
2020-03-15 17:04:10 INFO     Connected to localhost on port 6666
2020-03-15 17:05:37 INFO     Connected to localhost on port 6666
2020-03-15 17:06:26 INFO     Connected to localhost on port 6666
2020-03-15 17:07:57 INFO     Connected to localhost on port 6666
2020-03-15 17:11:13 INFO     Connected to localhost on port 6666
2020-03-15 17:12:27 INFO     Connected to localhost on port 6666
2020-03-15 17:19:19 INFO     Connected to localhost on port 6666
2020-03-15 17:20:36 INFO     Connected to localhost on port 6666
2020-03-15 17:20:48 INFO     Connected to localhost on port 6666
2020-03-15 17:20:54 INFO     Connected to localhost on port 6666
2020-03-15 17:37:49 INFO     Connected to localhost on port 6666
2020-03-15 18:24:03 INFO     SERVIDOR- INICIO PRUEBA
2020-03-15 18:24:03 INFO     Connected to localhost on port 6666
2020-03-15 18:24:05 INFO     SERVIDOR- el numero de conexiones es de 11 
2020-03-15 18:24:12 INFO     SERVIDOR- INICIO DE PRUEBA
2020-03-15 18:24:12 INFO     SERVIDOR- el archivo que se abrio fue text1.txt 
2020-03-15 18:24:12 INFO     SERVIDOR- el tiempo de toda la prueba fue 0.00402069091796875
2020-03-15 18:24:12 INFO     SERVIDOR- FIN DE PRUEBA
2020-03-15 18:24:12 INFO     SERVIDOR- INICIO DE PRUEBA
2020-03-15 18:24:12 INFO     SERVIDOR- el archivo que se abrio fue text1.txt 
2020-03-15 18:24:12 INFO     SERVIDOR- el tiempo de toda la prueba fue 0.007998943328857422
2020-03-15 18:24:12 INFO     SERVIDOR- FIN DE PRUEBA
2020-03-15 18:24:12 INFO     SERVIDOR- INICIO DE PRUEBA
2020-03-15 18:24:12 INFO     SERVIDOR- el archivo que se abrio fue text1.txt 
2020-03-15 18:24:12 INFO     SERVIDOR- el tiempo de toda la prueba fue 0.008003950119018555
2020-03-15 18:24:12 INFO     SERVIDOR- FIN DE PRUEBA
2020-03-15 18:24:12 INFO     SERVIDOR- INICIO DE PRUEBA
2020-03-15 18:24:12 INFO     SERVIDOR- el archivo que se abrio fue text1.txt 
2020-03-15 18:24:12 INFO     SERVIDOR- el tiempo de toda la prueba fue 0.007988214492797852
2020-03-15 18:24:12 INFO     SERVIDOR- FIN DE PRUEBA
2020-03-15 18:24:12 INFO     SERVIDOR- INICIO DE PRUEBA
2020-03-15 18:24:12 INFO     SERVIDOR- el archivo que se abrio fue text1.txt 
2020-03-15 18:24:12 INFO     SERVIDOR- el tiempo de toda la prueba fue 0.007999897003173828
2020-03-15 18:24:12 INFO     SERVIDOR- FIN DE PRUEBA
2020-03-15 18:24:12 INFO     SERVIDOR- INICIO DE PRUEBA
2020-03-15 18:24:12 INFO     SERVIDOR- el archivo que se abrio fue text1.txt 
2020-03-15 18:24:12 INFO     SERVIDOR- el tiempo de toda la prueba fue 0.008002042770385742
2020-03-15 18:24:12 INFO     SERVIDOR- FIN DE PRUEBA
2020-03-15 18:24:12 INFO     SERVIDOR- INICIO DE PRUEBA
2020-03-15 18:24:12 INFO     SERVIDOR- el archivo que se abrio fue text1.txt 
2020-03-15 18:24:12 INFO     SERVIDOR- el tiempo de toda la prueba fue 0.007997989654541016
2020-03-15 18:24:12 INFO     SERVIDOR- FIN DE PRUEBA
2020-03-15 18:24:12 INFO     SERVIDOR- INICIO DE PRUEBA
2020-03-15 18:24:12 INFO     SERVIDOR- el archivo que se abrio fue text1.txt 
2020-03-15 18:24:12 INFO     SERVIDOR- el tiempo de toda la prueba fue 0.008005619049072266
2020-03-15 18:24:12 INFO     SERVIDOR- FIN DE PRUEBA
2020-03-15 18:24:12 INFO     SERVIDOR- INICIO DE PRUEBA
2020-03-15 18:24:12 INFO     SERVIDOR- el archivo que se abrio fue text1.txt 
2020-03-15 18:24:12 INFO     SERVIDOR- el tiempo de toda la prueba fue 0.00800013542175293
2020-03-15 18:24:12 INFO     SERVIDOR- FIN DE PRUEBA
2020-03-15 18:24:12 INFO     SERVIDOR- INICIO DE PRUEBA
2020-03-15 18:24:12 INFO     SERVIDOR- el archivo que se abrio fue text1.txt 
2020-03-15 18:24:12 INFO     SERVIDOR- el tiempo de toda la prueba fue 0.008000850677490234
2020-03-15 18:24:12 INFO     SERVIDOR- FIN DE PRUEBA
2020-03-15 18:24:12 INFO     SERVIDOR- INICIO DE PRUEBA
2020-03-15 18:24:12 INFO     SERVIDOR- el archivo que se abrio fue text1.txt 
2020-03-15 18:24:12 INFO     SERVIDOR- el tiempo de toda la prueba fue 0.008000612258911133
2020-03-15 18:24:12 INFO     SERVIDOR- FIN DE PRUEBA
2020-03-15 18:25:57 INFO     INICIO DE PRUEBA
2020-03-15 18:25:57 INFO     SERVIDOR- INICIO PRUEBA
2020-03-15 18:25:57 INFO     Connected to localhost on port 6666
2020-03-15 18:26:01 INFO     SERVIDOR- el numero de conexiones es de 11 
2020-03-15 18:26:04 INFO     SERVIDOR- INICIO DE PRUEBA
2020-03-15 18:26:04 INFO     SERVIDOR- el archivo que se abrio fue text1.txt 
2020-03-15 18:26:04 INFO     SERVIDOR- el tiempo de toda la prueba fue 0.008016586303710938
2020-03-15 18:26:04 INFO     SERVIDOR- FIN DE PRUEBA
2020-03-15 18:26:04 INFO     SERVIDOR- INICIO DE PRUEBA
2020-03-15 18:26:04 INFO     SERVIDOR- el archivo que se abrio fue text1.txt 
2020-03-15 18:26:04 INFO     SERVIDOR- el tiempo de toda la prueba fue 0.004017829895019531
2020-03-15 18:26:04 INFO     SERVIDOR- FIN DE PRUEBA
2020-03-15 18:26:04 INFO     SERVIDOR- INICIO DE PRUEBA
2020-03-15 18:26:04 INFO     SERVIDOR- el archivo que se abrio fue text1.txt 
2020-03-15 18:26:04 INFO     SERVIDOR- el tiempo de toda la prueba fue 0.008021116256713867
2020-03-15 18:26:04 INFO     SERVIDOR- FIN DE PRUEBA
2020-03-15 18:26:04 INFO     SERVIDOR- INICIO DE PRUEBA
2020-03-15 18:26:04 INFO     SERVIDOR- el archivo que se abrio fue text1.txt 
2020-03-15 18:26:04 INFO     SERVIDOR- el tiempo de toda la prueba fue 0.007998943328857422
2020-03-15 18:26:04 INFO     SERVIDOR- FIN DE PRUEBA
2020-03-15 18:26:04 INFO     SERVIDOR- INICIO DE PRUEBA
2020-03-15 18:26:04 INFO     SERVIDOR- el archivo que se abrio fue text1.txt 
2020-03-15 18:26:04 INFO     SERVIDOR- el tiempo de toda la prueba fue 0.0040166378021240234
2020-03-15 18:26:04 INFO     SERVIDOR- FIN DE PRUEBA
2020-03-15 18:26:04 INFO     SERVIDOR- INICIO DE PRUEBA
2020-03-15 18:26:04 INFO     SERVIDOR- el archivo que se abrio fue text1.txt 
2020-03-15 18:26:04 INFO     SERVIDOR- el tiempo de toda la prueba fue 0.0040209293365478516
2020-03-15 18:26:04 INFO     SERVIDOR- FIN DE PRUEBA
2020-03-15 18:26:04 INFO     SERVIDOR- INICIO DE PRUEBA
2020-03-15 18:26:04 INFO     SERVIDOR- el archivo que se abrio fue text1.txt 
2020-03-15 18:26:04 INFO     SERVIDOR- el tiempo de toda la prueba fue 0.004004001617431641
2020-03-15 18:26:04 INFO     SERVIDOR- FIN DE PRUEBA
2020-03-15 18:26:04 INFO     SERVIDOR- INICIO DE PRUEBA
2020-03-15 18:26:04 INFO     SERVIDOR- el archivo que se abrio fue text1.txt 
2020-03-15 18:26:04 INFO     SERVIDOR- el tiempo de toda la prueba fue 0.004018545150756836
2020-03-15 18:26:04 INFO     SERVIDOR- FIN DE PRUEBA
2020-03-15 18:26:04 INFO     SERVIDOR- INICIO DE PRUEBA
2020-03-15 18:26:04 INFO     SERVIDOR- el archivo que se abrio fue text1.txt 
2020-03-15 18:26:04 INFO     SERVIDOR- el tiempo de toda la prueba fue 0.004019737243652344
2020-03-15 18:26:04 INFO     SERVIDOR- FIN DE PRUEBA
2020-03-15 18:26:04 INFO     SERVIDOR- INICIO DE PRUEBA
2020-03-15 18:26:04 INFO     SERVIDOR- el archivo que se abrio fue text1.txt 
2020-03-15 18:26:04 INFO     SERVIDOR- el tiempo de toda la prueba fue 0.007982492446899414
2020-03-15 18:26:04 INFO     SERVIDOR- FIN DE PRUEBA
2020-03-15 18:26:04 INFO     SERVIDOR- INICIO DE PRUEBA
2020-03-15 18:26:04 INFO     SERVIDOR- el archivo que se abrio fue text1.txt 
2020-03-15 18:26:04 INFO     SERVIDOR- el tiempo de toda la prueba fue 0.008003473281860352
2020-03-15 18:26:04 INFO     SERVIDOR- FIN DE PRUEBA
2020-03-15 18:29:04 INFO     INICIO DE PRUEBA
2020-03-15 18:29:04 INFO     El tiempo de toda la prueba fue 0.004000425338745117 
2020-03-15 18:29:04 INFO     SERVIDOR- INICIO PRUEBA
2020-03-15 18:29:04 INFO     Connected to localhost on port 6666
2020-03-15 18:29:09 INFO     SERVIDOR- el numero de conexiones es de 11 
2020-03-15 18:29:18 INFO     SERVIDOR- INICIO DE PRUEBA
2020-03-15 18:29:18 INFO     SERVIDOR- el archivo que se abrio fue text1.txt 
2020-03-15 18:29:18 INFO     SERVIDOR- FIN DE PRUEBA
2020-03-15 18:29:18 INFO     SERVIDOR- INICIO DE PRUEBA
2020-03-15 18:29:18 INFO     SERVIDOR- el archivo que se abrio fue text1.txt 
2020-03-15 18:29:18 INFO     SERVIDOR- FIN DE PRUEBA
2020-03-15 18:29:18 INFO     SERVIDOR- INICIO DE PRUEBA
2020-03-15 18:29:18 INFO     SERVIDOR- el archivo que se abrio fue text1.txt 
2020-03-15 18:29:18 INFO     SERVIDOR- FIN DE PRUEBA
2020-03-15 18:29:18 INFO     SERVIDOR- INICIO DE PRUEBA
2020-03-15 18:29:18 INFO     SERVIDOR- el archivo que se abrio fue text1.txt 
2020-03-15 18:29:18 INFO     SERVIDOR- FIN DE PRUEBA
2020-03-15 18:29:18 INFO     SERVIDOR- INICIO DE PRUEBA
2020-03-15 18:29:18 INFO     SERVIDOR- el archivo que se abrio fue text1.txt 
2020-03-15 18:29:18 INFO     SERVIDOR- FIN DE PRUEBA
2020-03-15 18:29:18 INFO     SERVIDOR- INICIO DE PRUEBA
2020-03-15 18:29:18 INFO     SERVIDOR- el archivo que se abrio fue text1.txt 
2020-03-15 18:29:18 INFO     SERVIDOR- FIN DE PRUEBA
2020-03-15 18:29:18 INFO     SERVIDOR- INICIO DE PRUEBA
2020-03-15 18:29:18 INFO     SERVIDOR- el archivo que se abrio fue text1.txt 
2020-03-15 18:29:18 INFO     SERVIDOR- FIN DE PRUEBA
2020-03-15 18:29:18 INFO     SERVIDOR- INICIO DE PRUEBA
2020-03-15 18:29:18 INFO     SERVIDOR- el archivo que se abrio fue text1.txt 
2020-03-15 18:29:18 INFO     SERVIDOR- FIN DE PRUEBA
2020-03-15 18:29:18 INFO     SERVIDOR- INICIO DE PRUEBA
2020-03-15 18:29:18 INFO     SERVIDOR- el archivo que se abrio fue text1.txt 
2020-03-15 18:29:18 INFO     SERVIDOR- FIN DE PRUEBA
2020-03-15 18:29:18 INFO     SERVIDOR- INICIO DE PRUEBA
2020-03-15 18:29:18 INFO     SERVIDOR- el archivo que se abrio fue text1.txt 
2020-03-15 18:29:18 INFO     SERVIDOR- FIN DE PRUEBA
2020-03-15 18:29:18 INFO     SERVIDOR- INICIO DE PRUEBA
2020-03-15 18:29:18 INFO     SERVIDOR- el archivo que se abrio fue text1.txt 
2020-03-15 18:29:18 INFO     SERVIDOR- FIN DE PRUEBA
